<?xml version="1.0" encoding="UTF-8"?>
<!-- Generated by org.testng.reporters.JUnitReportReporter -->
<testsuite skipped="0" hostname="DESKTOP-O4V934H" name="seleniumTests.MainPageTests" tests="1" failures="0" timestamp="01 sie 2017 18:52:10 GMT" time="8.425" errors="0">
  <testcase name="openCarDetails" time="8.425" classname="seleniumTests.MainPageTests"/>
</testsuite> <!-- seleniumTests.MainPageTests -->
