<?xml version="1.0" encoding="UTF-8"?>
<!-- Generated by org.testng.reporters.JUnitReportReporter -->
<testsuite skipped="0" hostname="DESKTOP-O4V934H" name="seleniumTests.MainPageTests" tests="1" failures="0" timestamp="02 sie 2017 09:05:18 GMT" time="10.274" errors="0">
  <testcase name="openCarDetails" time="10.274" classname="seleniumTests.MainPageTests"/>
</testsuite> <!-- seleniumTests.MainPageTests -->
