<?xml version="1.0" encoding="UTF-8"?>
<!-- Generated by org.testng.reporters.JUnitReportReporter -->
<testsuite skipped="0" hostname="DESKTOP-O4V934H" name="seleniumTests.OpenMainPage" tests="1" failures="0" timestamp="01 sie 2017 12:21:30 GMT" time="12.837" errors="0">
  <testcase name="openMainPage" time="12.837" classname="seleniumTests.OpenMainPage"/>
</testsuite> <!-- seleniumTests.OpenMainPage -->
